Determining if the pthread_create exist failed with the following output:
Change Dir: /home/ahmad/Downloads/benchmark-fuzzying-tool/gdax-orderbook-hpp/demo/dependencies/libcds-2.3.2/build-release/CMakeFiles/CMakeTmp

Run Build Command:"/usr/bin/make" "cmTC_4bf38/fast"
make[1]: Entering directory '/home/ahmad/Downloads/benchmark-fuzzying-tool/gdax-orderbook-hpp/demo/dependencies/libcds-2.3.2/build-release/CMakeFiles/CMakeTmp'
/usr/bin/make -f CMakeFiles/cmTC_4bf38.dir/build.make CMakeFiles/cmTC_4bf38.dir/build
make[2]: Entering directory '/home/ahmad/Downloads/benchmark-fuzzying-tool/gdax-orderbook-hpp/demo/dependencies/libcds-2.3.2/build-release/CMakeFiles/CMakeTmp'
Building C object CMakeFiles/cmTC_4bf38.dir/CheckSymbolExists.c.o
/usr/bin/cc     -o CMakeFiles/cmTC_4bf38.dir/CheckSymbolExists.c.o   -c /home/ahmad/Downloads/benchmark-fuzzying-tool/gdax-orderbook-hpp/demo/dependencies/libcds-2.3.2/build-release/CMakeFiles/CMakeTmp/CheckSymbolExists.c
Linking C executable cmTC_4bf38
/usr/bin/cmake -E cmake_link_script CMakeFiles/cmTC_4bf38.dir/link.txt --verbose=1
/usr/bin/cc       CMakeFiles/cmTC_4bf38.dir/CheckSymbolExists.c.o  -o cmTC_4bf38 -rdynamic 
CMakeFiles/cmTC_4bf38.dir/CheckSymbolExists.c.o: In function `main':
CheckSymbolExists.c:(.text+0x16): undefined reference to `pthread_create'
collect2: error: ld returned 1 exit status
CMakeFiles/cmTC_4bf38.dir/build.make:97: recipe for target 'cmTC_4bf38' failed
make[2]: *** [cmTC_4bf38] Error 1
make[2]: Leaving directory '/home/ahmad/Downloads/benchmark-fuzzying-tool/gdax-orderbook-hpp/demo/dependencies/libcds-2.3.2/build-release/CMakeFiles/CMakeTmp'
Makefile:126: recipe for target 'cmTC_4bf38/fast' failed
make[1]: *** [cmTC_4bf38/fast] Error 2
make[1]: Leaving directory '/home/ahmad/Downloads/benchmark-fuzzying-tool/gdax-orderbook-hpp/demo/dependencies/libcds-2.3.2/build-release/CMakeFiles/CMakeTmp'

File /home/ahmad/Downloads/benchmark-fuzzying-tool/gdax-orderbook-hpp/demo/dependencies/libcds-2.3.2/build-release/CMakeFiles/CMakeTmp/CheckSymbolExists.c:
/* */
#include <pthread.h>

int main(int argc, char** argv)
{
  (void)argv;
#ifndef pthread_create
  return ((int*)(&pthread_create))[argc];
#else
  (void)argc;
  return 0;
#endif
}

Determining if the function pthread_create exists in the pthreads failed with the following output:
Change Dir: /home/ahmad/Downloads/benchmark-fuzzying-tool/gdax-orderbook-hpp/demo/dependencies/libcds-2.3.2/build-release/CMakeFiles/CMakeTmp

Run Build Command:"/usr/bin/make" "cmTC_6de54/fast"
make[1]: Entering directory '/home/ahmad/Downloads/benchmark-fuzzying-tool/gdax-orderbook-hpp/demo/dependencies/libcds-2.3.2/build-release/CMakeFiles/CMakeTmp'
/usr/bin/make -f CMakeFiles/cmTC_6de54.dir/build.make CMakeFiles/cmTC_6de54.dir/build
make[2]: Entering directory '/home/ahmad/Downloads/benchmark-fuzzying-tool/gdax-orderbook-hpp/demo/dependencies/libcds-2.3.2/build-release/CMakeFiles/CMakeTmp'
Building C object CMakeFiles/cmTC_6de54.dir/CheckFunctionExists.c.o
/usr/bin/cc    -DCHECK_FUNCTION_EXISTS=pthread_create   -o CMakeFiles/cmTC_6de54.dir/CheckFunctionExists.c.o   -c /usr/share/cmake-3.5/Modules/CheckFunctionExists.c
Linking C executable cmTC_6de54
/usr/bin/cmake -E cmake_link_script CMakeFiles/cmTC_6de54.dir/link.txt --verbose=1
/usr/bin/cc   -DCHECK_FUNCTION_EXISTS=pthread_create    CMakeFiles/cmTC_6de54.dir/CheckFunctionExists.c.o  -o cmTC_6de54 -rdynamic -lpthreads 
/usr/bin/ld: cannot find -lpthreads
collect2: error: ld returned 1 exit status
CMakeFiles/cmTC_6de54.dir/build.make:97: recipe for target 'cmTC_6de54' failed
make[2]: *** [cmTC_6de54] Error 1
make[2]: Leaving directory '/home/ahmad/Downloads/benchmark-fuzzying-tool/gdax-orderbook-hpp/demo/dependencies/libcds-2.3.2/build-release/CMakeFiles/CMakeTmp'
Makefile:126: recipe for target 'cmTC_6de54/fast' failed
make[1]: *** [cmTC_6de54/fast] Error 2
make[1]: Leaving directory '/home/ahmad/Downloads/benchmark-fuzzying-tool/gdax-orderbook-hpp/demo/dependencies/libcds-2.3.2/build-release/CMakeFiles/CMakeTmp'


